$GPGGA,000011.799,,,,,0,0,,,M,,M,,*4F
$GPGSA,A,1,,,,,,,,,,,,,,,*1E
$GPGSV,1,1,00*79
$GPRMC,000011.799,$GPGGA,000012.799,,,,,0,0,,,M,,M,,*4C
$GPGSA,A,1,,,,,,,,,,,,,,799,V,,,,,0.00,0.00,060180,,,N*46
$GPGGA,000013.799,,,,,0,0,,,M,,M,,*4D
$GPGSA,A,1,,,,,,,,,,,,,,,*1E
$GPGSV,1,1,00*79
$GPRMC,000013.799,V,,,,,0.00,0.00,$GPGGA,000021.799,,,,,0,0,,,M,,M,,*4C
$GPGSA,A,1,,,,,,,,,,,,,,,*1E
$GPGSV,1,1,00*79
$GPRMC,000021.799,V,,,,,0.00,0.00,060180$GPGGA,000022.799,,,,,0,0,,,M,,M,,*4F
$GPGSA,A,1,,,,,,,,,,,,,,,*1E
$GPGSV,1,1,00*79
$$GPGGA,000023.799,,,,,0,0,,,M,,M,,*4E
$GPGSA,A,1,,,,,,,,,,,,,,0.00,060180,,,N*44
$GPGGA,000024.799,,,,,0,0,,,M,,M,,*49
$GPGSA,A,1,,,,,,,,,,,,,,,*1E
$G$GPGGA,000025.799,,,,,0,0,,,M,,M,,*48
$GPGSA,A,1,,,,,,,,,,,,,,00*79
$GPRMC,000025.799,V,,,,,0.00,0.00,060180,,,N*42
$GPGGA,000026.799,,,,,0,0,,,M,,M,,*4B
$GPGSA,A,1,,,,,,,,,,,,,,.00,060180,,,N*41
$GPGGA,000027.799,,,,,0,0,,,M,,M,,*4A
$GPGSA,A,1,,,,,,,,,,,,,,9,V,,,,,0.00,0.00,060180,,,N*4E
$GPGGA,000030.799,,,,,0,0,,,M,$GPGGA,000032.799,,,,,0,0,,,M,,M,,*4E
$GPGSA,A,1,,,,,,,,,,,,,,$GPGGA,000034.799,,,,,0,0,,,M,,M,,*48
$GPGSA,A,1,,,,,,,,,,,,,,,*1E
$GPGSV,1,1,00*79
$GPRMC,000034.799,V,,,,,0.0$GPGGA,000037.799,,,,,0,0,,,M,,M,,*4B
$GPGSA,A,1,,,,,,,,,,,,,,$GPGGA,000039.799,,,,,0,0,,,M,,M,,*45
$GPGSA,A,1,,,,,,,,,,,,,,,*1E
$GPGSV,1,1,00*79
$GPRMC,000039.799,V,,,,,0.00,0.00,060180,,,N*4F
$GPGGA,000040.799,,,,,0,0,,,M,,M,,*4B
$GPGSA,A,1,,,,,,,,,,,,,,,*1E
$GPGSV,1,1,00*79
$GPRMC,000040.799,V,,,,,0.00,0.00,060180,,,N*41
$GPGGA,000041.799,,,,,0,0,,,M,,M,,*4A
$GPGSA,A,1,,,,,,,,,,,,,,,*1E
$GPGSV,1,1,00*79
$GPRMC,000041.799,V,,,,,0.00,0.00,060180,,,N*40
$GPGGA,000042.799,,,,,0,0,,,M,,M,,*49
$GPGSA,A,1,,,,,,,,,,,,,,,*1E
$GPGSV,1,1,00*79
$GPRMC,000042.799,V,,,,,0.00,0.00,0$GPGGA,000043.799,,,,,0,0,,,M,,M,,*48
$GPGSA,A,1,,,,,,,,,,,,,,,*1E
$GPGSV,1,1,00*79
$GPRMC,000043.799,V,,,,,0.00,0.00,060180,,,N*42
$GPGGA,000044.799,,,,,0,0,,,M,,M,,*4F
$GPGSA,A,1,,,,,,,,,,,,,,,*1E
$GPGSV,1,1,00*79
$GPRMC,000044.799,V,,,,,0.00,0.00,060180,,,N*45
$GPGGA,000045.799,,,,,0,0,,,M,,M,,*4E
$GPGSA,A,1,,,,,,,,,,,,,,$GPGGA,000046.799,,,,,0,0,,,M,,M,,*4D
$GPGSA,A,1,,,,,,,,,,,,,,,*1E
$GPGSV,1,1,00*79
$GPRMC,000046.799,V,,,,,0.00,0.00,060180,,,N*47
$GPGGA,000047.799,,,,,0,0,,,M,,M,,*4C
$GPGSA,A,1,,,,,,,,,,,,,,,*1E
$GPGSV,1,1,00*79
$GPRMC,000047.799,V,,,,,0.00,0.00,060180,,,N*46
$GPGGA,000048.799,,,,,0,0,,,M,,M,,*43
$GPGSA,A,1,,,,,,,,,,,,,,$GPGGA,000051.799,,,,,0,0,,,M,,M,,*4B
$GPGSA,A,1,,,,,,,,,,,,,,0,,,N*41
$GPGGA,000052.799,,,,,0,0,,,M,,M,,*48
$GPGSA,A,1,,,,,,,,,,,,,,,*1E
$GPGSV,1,1,00*79
$GPRMC,000052.799,V,,,,,0.00,0.00,060180,,,N*42
$GPGGA,000053.799,,,,,0,0,,,M,,M,,*49
$GPGSA,A,1,,,,,,,,,,,,,,$GPGGA,000056.799,,,,,0,0,,,M,,M,,*4C
$GPGSA,A,1,,,,,,,,,,,,,,,*1E$GPGGA,000057.799,,,,,0,0,,,M,,M,,*4D
$GPGSA,A,1,,,,,,,,,,,,,,,0.00,060180,,,N*47
$GPGGA,000058.799,,,,,0,0,,,M,,M,,*42
$GPGSA,A,1,,,,,,,,,,,,,,$GPGGA,000059.799,,,,,0,0,,,M,,M,,*43
$GPGSA,A,1,,,,,,,,,,,,,,,*1E
$GPGSV$GPGGA,000100.799,,,,,0,0,,,M,,M,,*4E
$GPGSA,A,1,,,,,,,,,,,,,,$GPGGA,000101.799,,,,,0,0,,,M,,M,,*4F
$GPGSA,A,1,,,,,,,,,,,,,,PGSV,1,1,00*79
$GPRMC,000101.799,V,,,,,0.00,0.00,060180,,,N*45$GPGGA,000102.799,,,,,0,0,,,M,,M,,*4C
$GPGSA,A,1,,,,,,,,,,,,,,,*1E
$GPGSV,1,1,00*79
$GPRMC,000102.799,V,,,,,0.00,0.00,060180,,,N*46
$GPGGA,000103.799,,,,,0,0,,,M,,M,,*4D
$GPGSA,A,1,,,,,,,,,,,,,,1E
$GPGSV,1,1,00*79
$GPRMC,000103.799,V,,,,,0.00,0.00,060180,,$GPGGA,000104.799,,,,,0,0,,,M,,M,,*4A
$GPGSA,A,1,,,,,,,,,,,,,,,*1E
$GPGSV,1,1,00*79
$GPRMC,000104.799,V,,,,,0.$GPGGA,000105.799,,,,,0,0,,,M,,M,,*4B
$GPGSA,A,1,,,,,,,,,,,,,,,*
$GPGGA,000106.799,,,,,0,0,,,M,,M,,*48
$GPGSA,A,1,,,,,,,,,,,,,,
$GPGSV,1,1,00*79
$GPRMC,000106.799,V,,,,,0.00,0.00,060180,,,$GPGGA,000107.799,,,,,0,0,,,M,,M,,*49
$GPGSA,A,1,,,,,,,,,,,,,,
$GPGSV,1,1,00*79
$GPRMC,000107.799,V,,,,,0.00,0.00,060180,,,N*43
$GPGGA,000108.799,,,,,0,0,,,M,,M,,*46
$GPGSA,A,1,,,,,,,,,,,,,,,,N*4C
$GPGGA,000109.799,,,,,0,0,,,M,,M,,*47
$GPGSA,A,1,,,,,,,,,,,,,,,*1E
$GPGSV,1,1,00$GPGGA,000110.799,,,,,0,0,,,M,,M,,*4F
$GPGSA,A,1,,,,,,,,,,,,,,0,,,N*45
$GPGGA,000111.799,,,,,0,0,,,M,,M,,*4E
$GPGSA,A,1,,,,,,,,,,,,,,,,,,0.00,0.00,060180,,,N*44
$GPGGA,000112.799,,,,,0,0,,,M,,M,,*4D
$GPGSA,A,1,,,,,,,,,,,,,,,*1E
$GPGSV$GPGGA,000113.799,,,,,0,0,,,M,,M,,*4C
$GPGSA,A,1,,,,,,,,,,,,,,1,1,00*79
$GPRMC,000113.799,V,,,,,0.00,0.00,060180,,,N*46
$GPGGA,000114.799,,,,,0,0,,,M,,M,,*4B
$GPGSA,A,1,,,,,,,,,,,,,,,*1E
$GPGSV,1,1,00*79
$GPRMC,000114.799,V$GPGGA,000115.799,,,,,0,0,,,M,,M,,*4A
$GPGSA,A,1,,,,,,,,,,,,,,$GPGGA,000117.799,,,,,0,0,,,M,,M,,*48
$GPGSA,A,1,,,,,,,,,,,,,,.00,060180,,,N*42
$GPGGA,000118.799,,,,,0,0,,,M,,M,,*47
$GPGSA,A,1,,,,,,,,,,,,,,,00*79
$GPRMC,000118.799,V,,,,,0.00,0.00,060180,,,N*4D
$GPGGA,000119.799,,,,,0,0,,,M,,M,,*46
$GPGSA,A,1,,,,,,,,,,,,,,,*1E
$GPGSV,1,1,00*79
$G$GPGGA,000120.799,,,,,0,0,,,M,,M,,*4C
$GPGSA,A,1,,,,,,,,,,,,,,$GPGGA,000121.799,,,,,0,0,,,M,,M,,*4D
$GPGSA,A,1,,,,,,,,,,,,,,$GPGGA,000122.799,,,,,0,0,,,M,,M,,*4E
$GPGSA,A,1,,,,,,,,,,,,,,$GPGGA,000123.799,,,,,0,0,,,M,,M,,*4F
$GPGSA,A,1,,,,,,,,,,,,,,*1E
$GPGSV,1,1,00*79
$GPRMC,000123.799,V,,,,,0.00,0.00,060180$GPGGA,000124.799,,,,,0,0,,,M,,M,,*48
$GPGSA,A,1,,,,,,,,,,,,,,,*1E
$GPGSV,1,1,00*79
$GPRMC,000124.799,V,,,$GPGGA,000125.799,,,,,0,0,,,M,,M,,*49
$GPGSA,A,1,,,,,,,,,,,,,,$GPGGA,000126.799,,,,,0,0,,,M,,M,,*4A
$GPGSA,A,1,,,,,,,,,,,,,,,*1E
$GPGSV,1,1,00*79
$GPRMC,000126.799,V,,,,,0.$GPGGA,000127.799,,,,,0,0,,,M,,M,,*4B
$GPGSA,A,1,,,,,,,,,,,,,,$GPGGA,000128.799,,,,,0,0,,,M,,M,,*44
$GPGSA,A,1,,,,,,,,,,,,,,,1,00*79
$GPRMC,000128.799,V,,,,,0.00,0.00,060180,,,N*4E
$GPGGA,000129.799,,,,,0,0,,,M,,M,,*45
$GPGSA,A,1,,,,,,,,,,,,,,$GPGGA,000130.799,,,,,0,0,,,M,,M,,*4D
$GPGSA,A,1,,,,,,,,,,,,,,,000130.799,V,,,,,0.00,0.00,060180,,,N*47
$GPGGA,000131.799,,,,,0,0,,,M,,M,,*4C
$GPGSA,A,1,,,,,,,,,,,,,,1,1,00*79
$GPRMC,000131.799,V,,,,,0.00,0.00,060180,,,N*46
$GPGGA,000132.799,,,,,0,0,,,M,,M,,*4F
$GPGSA,A,1,,,,,,,,,,,,,,,*1E
$GPGSV,1,1,01,24,,,31*7C
$GPRMC,000132.799,V,,,,,0.00,$GPGGA,000133.799,,,,,0,0,,,M,,M,,*4E
$GPGSA,A,1,,,,,,,,,,,,,,$GPGGA,000134.799,,,,,0,0,,,M,,M,,*49
$GPGSA,A,1,,,,,,,,,,,,,,,*1E
$GPGSV,1,1,02,24,,,35$GPGGA,000135.799,,,,,0,0,,,M,,M,,*48
$GPGSA,A,1,,,,,,,,,,,,,,$GPGGA,000136.799,,,,,0,0,,,M,,M,,*4B
$GPGSA,A,1,,,,,,,,,,,,,,$GPGGA,000137.799,,,,,0,0,,,M,,M,,*4A
$GPGSA,A,1,,,,,,,,,,,,,,$GPGGA,000138.799,,,,,0,0,,,M,,M,,*45
$GPGSA,A,1,,,,,,,,,,,,,,,*1E
$GPGSV,1,1,02,24,,,39,12$GPGGA,000139.799,,,,,0,0,,,M,,M,,*44
$GPGSA,A,1,,,,,,,,,,,,,,$GPGGA,000140.799,,,,,0,0,,,M,,M,,*4A
$GPGSA,A,1,,,,,,,,,,,,,,,,,0.00,0.00,060180,,,N*42
$GPGGA,000143.799,,,,,0,0,,,M,,M,,*49
$GPGSA,A,1,,,,,,,,,,,,,,00,060180,,,N*43
$GPGGA,000144.799,,,,,0,0,,,M,,M,,*4E
$GPGSA,A,1,,,,,,,,,,,,,,$GPGGA,000145.799,,,,,0,0,,,M,,M,,*4F
$GPGSA,A,1,,,,,,,,,,,,,,$GPGGA,000146.799,,,,,0,0,,,M,,M,,*4C
$GPGSA,A,1,,,,,,,,,,,,,,,*1E
$GPGSV,1,1,02,24,,,39,12,,,32*75
$GPRMC,000146.799,V,$GPGGA,000147.799,,,,,0,0,,,M,,M,,*4D
$GPGSA,A,1,,,,,,,,,,,,,,.00,0.00,060180,,,N*47
$GPGGA,000148.003,,,,,0,0,,,M,,M,,*46
GPRMC,000148.003,V,,,,,0.00,0.00,060180,,,N*4C
$GPGGA,000149.003,,,,,0,0,,,M,,M,,*47
$GPGSA,A,1,,,,,,,,,,,,,,$GPGGA,000150.003,,,,,0,0,,,M,,M,,*4F
$GPGSA,A,1,,,,,,,,,,,,,,,*1E
$GPGSV,1,00,060180,,,N*45
$GPGGA,000151.003,,,,,0,0,,,M,,M,,*4E
$GPGSA,A,1,,,,,,,,,,,,,,$GPGGA,000152.003,,,,,0,0,,,M,,M,,*4D
$GPGSA,A,1,,,,,,,,,,,,,,,*1E
$GPGSV,1,1,04,24,,,38,12,,,$GPGGA,000153.003,,,,,0,0,,,M,,M,,*4C
$GPGSA,A,1,,,,,,,,,,,,,,,,,38,12,,,33,19,,,44,15,,,39*75
$GPRMC,000153.003,V,,,,,0.00,0$GPGGA,000153.883,,,,,0,0,,,M,,M,,*4C
$GPGSA,A,1,,,,,,,,,,,,,,$GPGGA,000154.883,,,,,0,0,,,M,,M,,*4B
$GPGSA,A,1,,,,,,,,,,,,,,$GPGGA,131920.094,,,,,0,1,,,M,,M,,*4C
$GPGSA,A,1,,,,,,,,,,,,,,V,3,1,09,24,59,293,38,15,56,197,31,19,38,119,44,17,37,072,*7C
$$GPGGA,131921.094,,,,,0,0,,,M,,M,,*4C
$GPGSA,A,1,,,,,,,,,,,,,,,*1E
$GPC,131921.094,V,,,,,0.02,113.07,291222,,,N*47
$GPGGA,131922.094,,,,,0,0,,,M,,M,,*4F
$GPGSA,A,1,,,,,,,,,,,,,,$GPGGA,131923.094,,,,,0,0,,,M,,M,,*4E
$GPGSA,A,1,,,,,,,,,,,,,,,*1E
$GPGSV,1,1,04,24,,,38,$GPGGA,131924.089,,,,,0,0,,,M,,M,,*45
$GPGSA,A,1,,,,,,,,,,,,,,,,,34,19,,,41,15,,,42*7B
$GPRMC,131924.089,V,,,,,0.00,0.00,2912$GPGGA,131925.089,,,,,0,0,,,M,,M,,*44
$GPGSA,A,1,,,,,,,,,,,,,,,*1E$GPGGA,131926.089,,,,,0,0,,,M,,M,,*47
$GPGSA,A,1,,,,,,,,,,,,,,31926.089,V,,,,,0.00,0.00,291222,,,N*4A
$GPGGA,131927.089,,,,,0,0,,,M,,M,,*46
$GPGSA,A,1,,,,,,,,,,,,,,$GPGGA,131928.089,,,,,0,0,,,M,,M,,*49
$GPGSA,A,1,,,,,,,,,,,,,,C,131928.089,V,,,,,0.00,0.00,291222,,,N*44
$GPGGA,131929.089,,,,,0,0,,,M,,M,,*48
$GPGSA,A,1,,,,,,,,,,,,,,,*1E
$GPGSV,1,1,04,24,,,38,12,,,34,19,,,27,15,,,40*79
$GPRMC,131929.089,V,,,,,0.00,0.00,291222,,,N*45
$GPGGA,131930.089,,,,,0,0,,,M,,M,,*40
$GPGSA,A,1,,,,,,,,,,,,,,,*1E
$GPGSV,1,1,04,24,,,39,12,,,35,19,,,20,15,,,30*79
$GPRMC,131930.089,V,,,,,0.00,0.00,29$GPGGA,131931.089,,,,,0,0,,,M,,M,,*41
$GPGSA,A,1,,,,,,,,,,,,,,,*1E
$GPGSV,1,1,04,24,,,38,12,,,36,19,,,19,15,,,41*$GPGGA,131932.089,,,,,0,0,,,M,,M,,*42
$GPGSA,A,1,,,,,,,,,,,,,,,*1E
$GPGSV,2,1,05,24,,,39,12,,,35,19,,,18,15,,,33*73
$GPGSV,2,2,05,25,,,28*71
$GPRMC,131932.089,V,,,,,0.00,0.00,291222,,,N*4F
$GPGGA,131933.089,,,,,0,0,,,M,,M,,*43
$GPGSA,A,1,,,,,,,,,,,,,,,*1E
$GPGSV,2,1,05,24,,,39,12,,,35,,0.00,0.00,291222,,,N*4E
$GPGGA,131934.089,,,,,0,0,,,M,,M,,*44
$GPGSA,A,1,,,,,,,,,,,,,,,*1E
$GPGSV,2,1,05,24,,,37,12,,,36,19,,,16,15,,,22*70
$GPGSV,2,2,05,25,,,29*70
$GPRMC,131934.089,V,,,,,0.00,0.00,291222,,,N*49
$GPGGA,131935.089,,,,,0,0,,,M,,M,,*45
$GPGSA,A,1,,,,,,,,,,,,,,,*1E
$GPGSV,2,1,05,24,,,28,12,,,29,19,,,16,15,,,24*76
$GPGSV,2,2,05,25,,,30*78
$GPRMC,131935.089,V,,,,,0.00,0.00,291222,,,N*48
$GPGGA,131936.089,,,,,0,0,,,M,,M,,*46
$GPGSA,A,1,,,,,,,,,,,,,,24,,,20,12,,,28,19,,,16,15,,,23*78
$GPGSV,2,2,05,25,,,35*7D
$,,,,,,,,,,*1E
$GPGSV,2,1,05,24,,,20,12,,,27,19,,,16,15,,,24*70$GPGGA,131937.297,,,,,0,0,,,M,,M,,*4A
$GPGSA,A,1,,,,,,,,,,,,,,$GPGGA,131938.297,,,,,0,0,,,M,,M,,*45
$GPGSA,A,1,,,,,,,,,,,,,,$GPGGA,131940.297,,,,,0,0,,,M,,M,,*4A
$GPGSA,A,1,,,,,,,,,,,,,,*78
$GPRMC,131942.088,V,,,,,0.00,0.00,291222,,,N*49
$GPGGA,131943.088,,,,,0,0,,,M,,M,,*45
$GPGSA,A,1,,,,,,,,,,,,,,,*1E
$GPGSV,2,1,05,24,,,17,12,,,19,19,,,24*79
$GPGSV,2,2,05,25,,,27*7E
$GPRMC,131943.088,V,,,,,0.00,0.00,291222,,,N*48
$GPGGA,131944.088,,,,,0,0,,,M,,M,,*42
$GPGSA,A,1,,,,,,,,,,,,,,,*1E
$GPGSV,2,1,05,24,,,18,12,,,17,19,,,14,15,,,24*7A
$GPGSV,2,2,05,222,,,N*4F
$GPGGA,131945.088,,,,,0,0,,,M,,M,,*43
$GPGSA,A,1,,,,,,,,,,,,,,,*1E
$GPGSV,2,1,05,24,,,19,12,,,17,19,,,17,15,,,23*7F
$GPGSV,2,2,05,25,,,28*75.088,V,,,,,0.00,0.00,291222,,,N*4E
$GPGGA,131946.088,,,,,0,0,,,M,,M,,*40
$GPGSA,A,1,,,,,,,,,,,,,,,*1E
$GPGSV,2,1,05,24,,,19,12,,,20,19,,,17,15,,,24*7C
$GPGSV,2,2,05,25,,,26*7F
$GPRMC,131946.088,V,,,,,0.00,0.00,291222,,,N*4D
$GPGGA,131947.088,,,,,0,0,,,M,,M,,*41
$GPGSA,A,1,,,,,,,,,,,,,,,*1E
$GPGSV,2,1,05,24,,,19,12,,,21,19,,,15,15,,,23*78
$GPG,,,,0.00,0.00,291222,,,N*4C
$GPGGA,131948.088,,,,,0,0,,,M,,M,,*4E
$GPGSA,A,1,,,,,,,,,,,,,,*1E
$GPGSV,2,1,05,24,,,19,12,,,20,19,,,15,15,,,23*79
$GPGSV,2222,,,N*43
$GPGGA,131948.308,,,,,0,0,,,M,,M,,*45
$GPGSA,A,1,,,,,,,,,,,,,,,*1E
$GPGSV,2,1,05,24,,,20,12,,,20,19,,,15,15,,,24*74
$GPGSV,2,,25,,,27*7E
$GPRMC,131948.308,V,,,,,0.00,0.00,291222,,,N*48
$GPGGA,131949.308,,,,,0,0,,,M,,M,,*44
$GPGSA,A,1,,,,,,,,,,,,,,,*1E
$GPGSV,2,1,05,24,,,19,12,,,19,19,,,15,15,,,24*74
$GPGSV,2,2,05,25,,,28*71
$GPRMC,131949.308,V,,,,,0.00,0.00,291222,,,N*49
$GPGGA,131950.308,,,,,0,0,,,M,,M,,*4C
$GPGSA,A,1,,,,,,,,,,,,,,,*1E
$GPGSV,2,1,05,24,,,21,12,,,27,19,,,16,15,,,31*75
$GPGSV,2,2,05,25,,,29*70
$GPRMC,131950.308,V,,,,,0.00,0.00,291222,,,N*41
$GPGGA,131951.308,,,,,0,0,,,M,$GPGGA,131953.308,,,,,0,0,,,M,,M,,*4F
$GPGSA,A,1,,,,,,,,,,,,,,,*1E
$GPGSV,35,12,,,33,19,,,15,15,,,24*72
$GPGSV,2,2,05,25,,,25*7C
$GPRMC,131953.308,V,,,,,0.00,0.00,21222,,,N*42
$GPGGA,131954.094,,,,,0,0,,,M,,M,,*4E
$GPGSA,A,1,,,,,,,,,,,,,,GSV,2,1,05,24,,,42,12,,,34,19,,,14,15,,,26*76
$GPGSV,2,2,05,25,$GPGGA,131955.094,,,,,0,0,,,M,,M,,*4F
$GPGSA,A,1,,,,,,,,,,,,,,,*1E
$GPGSV,2,1,0519,,,15,15,,,27*71
$GPGSV,2,2,05,25,,,26*7F
$GPRMC,131955.094,V,,,,,0.00,0.00,291222,,,N*42
$GPGGA,131956.094,,,,,0,0,,,M,,M,,*4C
$GPGSA,A,1,,,,,,,,,,,,,,,*1E
$GPGSV,2,1,05,24,,,41,12,,,25,19,,,15,15,,,*41
$GPGGA,131957.094,,,,,0,0,,,M,,M,,*4D
$GPGSA,A,1,,,,,,,,,,,,,,GPRMC,131957.094,V,,,,,0.00,0.00,291222,,,N*40
$GPGGA,131958.094,,,,,0,0,,,M,,M,,*42
$GPGSA,A,1,,,,,,,,,,,,,,,*1E
$GP,2,2,05,25,,,27*7E
$GPRMC,131958.094,V,,,,,0.00,0.00,291222,,,$GPGGA,131959.094,,,,,0,0,,,M,,M,,*43
$GPGSA,A,1,,,,,,,,,,,,,,,*1E
$GPGSV,2,1,05,24,,,39,12,,,25,19,,,27,15,,,35*78$GPGGA,132000.083,,,,,0,0,,,M,,M,,*43
$GPGSA,A,1,,,,,,,,,,,,,,25,,,27*7E
$GPRMC,132000.083,V,,,,,0.00,0.00,291222,,,N*4E
$GPGGA,132000.303,,,,,0,0,,,M,,M,,*48
$GPGSA,A,1,,,,,,,,,,,,,,05,25,,,28*71
$GPRMC,132000.303,V,,,,,0.00,0.00,291222,,,N*45$GPGGA,132001.303,,,,,0,0,,,M,,M,,*49
$GPGSA,A,1,,,,,,,,,,,,,,,*1E
$GPGSV,2,1,05,24,,,38
$GPGGA,132002.303,,,,,0,0,,,M,,M,,*4A
$GPGSA,A,1,,,,,,,,,,,,,,8,12,,,30,19,,,35,15,,,37*7C
$GPGSV,2,2,05,25,,,29*70
$GPRMC,1$GPGGA,132003.303,,,,,0,0,,,M,,M,,*4B
$GPGSA,A,1,,,,,,,,,,,,,,,*1E
$GPGSV,2,1,05,24,,,38,12$GPGGA,132004.303,,,,,0,0,,,M,,M,,*4C
$GPGSA,A,1,,,,,,,,,,,,,,$GPRMC,132004.303,V,,,,,0.00,0.00,291222,,,N*41
$GPGGA,132005.303,,,,,0,0,,,M,,M,,*4D
$GPGSA,A,1,,,,,,,,,,,,,,$GPGGA,132006.083,,,,,0,0,,,M,,M,,*45
$GPGSA,A,1,,,,,,,,,,,,,,
$GPRMC,132006.083,V,,,,,0.00,0.00,291222,,,N*48
$GPGGA,13200$GPGGA,132007.303,,,,,0,0,,,M,,M,,*4F
$GPGSA,A,1,,,,,,,,,,,,,,2
$GPGGA,132008.303,,,,,0,0,,,M,,M,,*40
$GPGSA,A,1,,,,,,,,,,,,,,$GPGGA,132009.303,,,,,0,0,,,M,,M,,*41
$GPGSA,A,1,,,,,,,,,,,,,,,*1E
$GPGSV,2,1,05,25,,,28,24,,,36,12,,,34,1$GPGGA,132010.303,,,,,0,0,,,M,,M,,*49
$GPGSA,A,1,,,,,,,,,,,,,,
$GPGGA,132011.303,,,,,0,0,,,M,,M,,*48
$GPGSA,A,1,,,,,,,,,,,,,,E
$GPGSV,2,1,05,25,,,29,24,,,38,12,,,32,19,,,32*75
$GPGSV,2,2,05,15,,,29*73
$GPRMC,132011.303,V$GPGGA,132012.089,,,,,0,0,,,M,,M,,*4A
$GPGSA,A,1,,,,,,,,,,,,,,
$GPGSA,A,1,,,,,,,,,,,,,,,*1E
$GPGSV,2,1,05,25,,,26,24,,,38,12309,V,,,,,0.00,0.00,291222,,,N*4C
$GPGGA,132013.309,,,,,0,0,,,M,,M,,*40
$GPGSA,A,1,,,,,,,,,,,,,,,*1E
$GPGSV,2,1,05,25,,,26,24,,,38,12,,,33,19,,,31*78
$GPGSV$GPGGA,132014.309,,,,,0,0,,,M,,M,,*47
$GPGSA,A,1,,,,,,,,,,,,,,,*1E
$GPGSV,2,1,05,25,,,24,24,,,38,12,$GPGGA,132015.309,,,,,0,0,,,M,,M,,*46
$GPGSA,A,1,,,,,,,,,,,,,,0.00,0.00,291222,,,N*4B
$GPGGA,132016.309,,,,,0,0,,,M,,M,,*45
$GPGSA,A,1,,,,,,,,,,,,,,,N*48
$GPGGA,132017.309,,,,,0,0,,,M,,M,,*44
$GPGSA,A,1,,,,,,,,,,,,,,,*1E
$GPGSV,2,1,05,25,,,23,24,,,38,12,,,$GPGGA,132018.098,,,,,0,0,,,M,,M,,*40
$GPGSA,A,1,,,,,,,,,,,,,,*4D
$GPGGA,132019.098,,,,,0,0,,,M,,M,,*41
$GPGSA,A,1,,,,,,,,,,,,,,PGSV,2,1,05,25,,,24,24,,,37,12,,,28,19,,,30*7E
$GPGSV,2,2,05,15$GPGGA,132020.098,,,,,0,0,,,M,,M,,*4B
$GPGSA,A,1,,,,,,,,,,,,,,,19,,,29*7F
$GPGSV,2,2,05,15,,,32*79
$GPRMC,132020.098,V,,,,,$GPGGA,132021.098,,,,,0,0,,,M,,M,,*4A
$GPGSA,A,1,,,,,,,,,,,,,,,V,,,,,0.00,0.00,291222,,,N*47
$GPGGA,132022.098,,,,,0,0,,,M,,M,,*49
$GPGSA,A,1,,,,,,,,,,,,,,1*7A
$GPGSV,2,2,05,15,,,27*7D
$GPRMC,132022.098,V,,,,,0.00,0.$GPGGA,132023.098,,,,,0,0,,,M,,M,,*48
$GPGSA,A,1,,,,,,,,,,,,,,1222,,,N*45
$GPGGA,132024.098,,,,,0,0,,,M,,M,,*4F
$GPGSA,A,1,,,,,,,,,,,,,,024.098,V,,,,,0.00,0.00,120123,,,N*49
$GPGGA,132025.098,,,,,0,0,,,M,,M,,*4E
$GPGSA,A,1,,,,,,,,,,,,,,,*1E
$GPGSV,2,1,05,25,,,25,24,,,38$GPGGA,132026.098,,,,,0,0,,,M,,M,,*4D
$GPGSA,A,1,,,,,,,,,,,,,,,0.00,120123,,,N*4B
$GPGGA,132027.098,,,,,0,0,,,M,,M,,*4C
$GPGSA,A,1,,,,,,,,,,,,,,5,15,,,24*7E
$GPRMC,132027.098,V,,,,,0.00,0.00,120123,,,N*4A
$GPGGA,132028.098,,,,,0,0,,,M,,M,,*43
$GPGSA,A,1,,,,,,,,,,,,,,1E
$GPGSV,2,1,05,25,,,26,24,,,39,12,,,29,19,,,41*75
$GPGSV,2,2,05,15,,,24*7E$GPGGA,132029.098,,,,,0,0,,,M,,M,,*42
$GPGSA,A,1,,,,,,,,,,,,,,,25,24,,,32,12,,,27,19,,,42*70
$GPGSV,2,2,05,15,,,22*78
$GPRM$GPGGA,132030.094,,,,,0,0,,,M,,M,,*46
$GPGSA,A,1,,,,,,,,,,,,,,5,,,24,24,,,32,12,,,27,19,,,43*70
$GPGSV,2,2,05,15,,,21*7B
$G$GPGGA,132031.094,,,,,0,0,,,M,,M,,*47
$GPGSA,A,1,,,,,,,,,,,,,,2,1,05,25,,,23,24,,,32,12,,,27,19,,,42*76
$GPGSV,2,2,05,15,,,2$GPGGA,132032.094,,,,,0,0,,,M,,M,,*44
$GPGSA,A,1,,,,,,,,,,,,,,,*1E
$GPGSV,2,1,05,25,,,22,24,,,32,12,,,28,19,,,42*78
$G$GPGGA,132033.094,,,,,0,0,,,M,,M,,*45
$GPGSA,A,1,,,,,,,,,,,,,,,*,,,N*43
$GPGGA,132034.094,,,,,0,0,,,M,,M,,*42
$GPGSA,A,1,,,,,,,,,,,,,,,*1E
$GPGSV,2,1,05,25,,,23,24,,,35,12,,,29,19,$GPGGA,132035.094,,,,,0,0,,,M,,M,,*43
$GPGSA,A,1,,,,,,,,,,,,,,,*1E
$GPGSV,2,1,05,25,,,24,24,,,37,12,,,29,19,,,39*7$GPGGA,132036.085,,,,,0,0,,,M,,M,,*40
$GPGSA,A,1,,,,,,,,,,,,,,,*1E
$GPGSV,2,1,05$GPGGA,132036.305,,,,,0,0,,,M,,M,,*4B
$GPGSA,A,1,,,,,,,,,,,,,,,,0.00,0.00,120123,,,N*4D
$GPGGA,132037.305,,,,,0,0,,,M,,M,,*4A
$GPGSA,A,1,,,,,,,,,,,,,,$GPGGA,132039.305,,,,,0,0,,,M,,M,,*44
$GPGSA,A,1,,,,,,,,,,,,,,,*1E
$GPGSV,2,,,30*7B
$GPRMC,132039.305,V,,,,,0.00,0.00,120123,,,N*42
$GPGGA,132040.305,,,,,0,0,,,M,,M,,*4A
$GPGSA,A,1,,,,,,,,,,,,,,,*1E
$GPGSV,2,1,05,25$GPGGA,132041.305,,,,,0,0,,,M,,M,,*4B
$GPGSA,A,1,,,,,,,,,,,,,,$GPGGA,132042.085,,,,,0,0,,,M,,M,,*43
$GPGSA,A,1,,,,,,,,,,,,,,132042.305,,,,,0,0,,,M,,M,,*48
$GPGSA,A,1,,,,,,,,,,,,,,,*1E
$$GPGGA,132043.305,,,,,0,0,,,M,,M,,*49
$GPGSA,A,1,,,,,,,,,,,,,,$GPGGA,132044.305,,,,,0,0,,,M,,M,,*4E
$GPGSA,A,1,,,,,,,,,,,,,,$GPGGA,132047.305,,,,,0,0,,,M,,M,,*4D
$GPGSA,A,1,,,,,,,,,,,,,,,,,32,19,,,31,15,,,24*79
$GPGSV,2,2,05,25,,,28*71
$GPRMC,13204$GPGGA,132048.096,,,,,0,0,,,M,,M,,*4B
$GPGSA,A,1,,,,,,,,,,,,,,,*1E
$GPGSV,2,1,05,24,,,39,12,,,30,19,,,38,PRMC,132048.096,V,,,,,0.00,0.00,120123,,,N*4D
$GPGGA,132049.096,,,,,0,0,,,M,,M,,*4A
$GPGSA,A,1,,,,,,,,,,,,,,$GPGGA,132050.096,,,,,0,0,,,M,,M,,*42
$GPGSA,A,1,,,,,,,,,,,,,,123,,,N*44
$GPGGA,132051.096,,,,,0,0,,,M,,M,,*43
$GPGSA,A,1,,,,,,,,,,,,,,,*1E
$GPGSV,2,1,05,24,,,40,12,,,30,19,,,34,15,,$GPGGA,132052.096,,,,,0,0,,,M,,M,,*40
$GPGSA,A,1,,,,,,,,,,,,,,$GPGGA,132053.096,,,,,0,0,,,M,,M,,*41
$GPGSA,A,1,,,,,,,,,,,,,,,*1E
$GPGSV,2,1,05,24,,$GPGGA,132054.096,,,,,0,0,,,M,,M,,*46
$GPGSA,A,1,,,,,,,,,,,,,,
$GPGGA,132055.096,,,,,0,0,,,M,,M,,*47
$GPGSA,A,1,,,,,,,,,,,,,,4,,,39,12,,,30,19,,,35*70
$GPGSV,2,2,05,15,,,37*7C
$GPRMC,132$GPGGA,132056.096,,,,,0,0,,,M,,M,,*44
$GPGSA,A,1,,,,,,,,,,,,,,56.096,V,,,,,0.00,0.00,120123,,,N*42
$GPGGA,132057.096,,,,,0,0,,,M,,M,,*45
$GPGSA,A,1,,,,,,,,,,,,,,$GPGGA,132058.096,,,,,0,0,,,M,,M,,*4A
$GPGSA,A,1,,,,,,,,,,,,,,32058.096,V,,,,,0.00,0.00,120123,,,N*4C
$GPGGA,132059.096,,,,,0,0,,,M,,M,,*4B
$GPGSA,A,1,,,,,,,,,,,,,,,*1E
$GPGSV,2,1,05,25,,,28,24,,,40,12,,,31,19,,,26*7D
$GPGSV,2*4D
$GPGGA,132100.096,,,,,0,0,,,M,,M,,*46
$GPGSA,A,1,,,,,,,,,,,,,,,28*72
$GPGSV,2,2,05,15,,,36*7D
$GPRMC,132100.096,V,,,,,0.00,$GPGGA,132101.096,,,,,0,0,,,M,,M,,*47
$GPGSA,A,1,,,,,,,,,,,,,,,*1E
$GPGSV,2,1,05,25,,,25,24,,,38,12,,,31,19,,,21*78
$GPGSV,2,2,05,15,,,38*73
$GPRMC,132101.096,V,,,,,0.00,0.00$GPGGA,132102.096,,,,,0,0,,,M,,M,,*44
$GPGSA,A,1,,,,,,,,,,,,,,3,,,N*42
$GPGGA,132103.096,,,,,0,0,,,M,,M,,*45
$GPGSA,A,1,,,,,,,,,,,,,,,24,,,38,12,,,32,19,,,23*7F
$GPGSV,2,2,05,15,,,41*7D
$GPRMC,132103.096,V,,,,,0.00$GPGGA,132104.096,,,,,0,0,,,M,,M,,*42
$GPGSA,A,1,,,,,,,,,,,,,,$GPGSV,2,1,05,25,,,22,24,,,38,12,,,33,19,,,23*7F
$GPGSV,2,2,05,15,,,41*7D
$GPRMC,132104.096,V,,,,,0.00,0.00,120123,,,N*44
$GPGGA,132105.096,,,,,0,0,,,M,,M,,*43
$GPGSA,A,1,,,,,,,,,,,,,,,,24,24,,,39,12,,,31,19,,,24*7D
$GPGSV,2,2,05,15,,,41*7D
$GPRM$GPGGA,132106.083,,,,,0,0,,,M,,M,,*44
$GPGSA,A,1,,,,,,,,,,,,,,2,2,05,15,,,41*7D
$GPRMC,132106.083,V,,,,,0.00,0.00,120123,,,N*$GPGGA,132106.303,,,,,0,0,,,M,,M,,*4F
$GPGSA,A,1,,,,,,,,,,,,,,24,,,39,12,,,31,19,,,24*7E
$GPGSV,2,2,05,15,,,40*7C
$GPRMC,13$GPGGA,132107.303,,,,,0,0,,,M,,M,,*4E
$GPGSA,A,1,,,,,,,,,,,,,,2,1,05,25,,,28,24,,,39,12,,,31,19,,,25*70
$GPGSV,2,2,05,15,,,39*72
$GPRMC,132107.303,V,,,,,0.00,0.00,120123,,,N*48
$GPGGA,132108.303,,,,,0,0,,,M,,M,,*41
$GPGSA,A,1,,,,,,,,,,,,,,28,24,,,39,12,,,31,19,,,34*70
$GPGSV,2,2,05,15,,,38*73
$GPRMC$GPGGA,132109.303,,,,,0,0,,,M,,M,,*40
$GPGSA,A,1,,,,,,,,,,,,,,PGSV,2,2,05,15,,,37*7C
$GPRMC,132109.303,V,,,,,0.00,0.00,120123$GPGGA,132110.303,,,,,0,0,,,M,,M,,*48
$GPGSA,A,1,,,,,,,,,,,,,,2,2,05,15,,,36*7D
$GPRMC,132110.303,V,,,,,0.00,0.00,120123,,,N*$GPGGA,132111.303,,,,,0,0,,,M,,M,,*49
$GPGSA,A,1,,,,,,,,,,,,,,5,,,35*7E
$GPRMC,132111.303,V,,,,,0.00,0.00,120123,,,N*4F
$GPGGA,132112.083,,,,,0,0,,,M,,M,,*41
$GPGSA,A,1,,,,,,,,,,,,,,,*1E
$GPGSV,2,1,06,25,,,24,24,,,38,12,,,30,19,,,15,,,34,32,,,37*79
$GPRMC,132112.083,V,,,,,0.00,0.00,120123,,,,,39,12,,,28,19,,,35*76
$GPGSV,2,2,06,15,,,33,32,,,35*7C
$GPR$GPGGA,132113.303,,,,,0,0,,,M,,M,,*4B
$GPGSA,A,1,,,,,,,,,,,,,,,*1E
$GPGSV,2,1,06,25,,,24,24,,,40,12,,,29,19,,,3
$GPGGA,132114.303,,,,,0,0,,,M,,M,,*4C
$GPGSA,A,1,,,,,,,,,,,,,,A
$GPGGA,132115.303,,,,,0,0,,,M,,M,,*4D
$GPGSA,A,1,,,,,,,,,,,$GPGGA,132117.303,,,,,0,0,,,M,,M,,*4F
$GPGSA,A,1,,,,,,,,,,,,,,$GPGGA,132120.000,,,,,0,3,,,M,,M,,*48
$GPGSA,A,1,,,,,,,,,,,,,,*1E
$GPGSV,3,1,09,24,80,130,39,12,64,254,34,19,43,063,27,25,33$GPGGA,132121.000,4803.3990,N,01136.8997,E,1,3,5.93,102.2,M,47.5,M,,*53
$GPGSA,A,2,24,12,19,,,,,,,,,,6.01,5.93,1.00*07
$GP7,183,40,17,17,040,,06,14,095,,23,01,247,*77
$GPGSV,3,3,09,32,,5,120123,,,A*60
$GPGGA,132122.000,4803.6579,N,01136.8355,E,1,4,2.06,419.2,M,47.80,130,39,12,64,254,33,19,43,063,25,37,34,166,*71
$GPGSV,3,2,1,23,01,247,,32,,,26*4C
$GPRMC,132122.000,A,4803.6579,N,01136.8$GPGGA,132123.000,4803.6274,N,01136.8368,E,1,4,2.06,496.5,M,47.2,19,15,,,,,,,,,2.28,2.06,0.96*08
$GPGSV,3,1,10,24,80,130,40,12,64,254,34,19,43,063,25,37,34,166,*78
$GPGSV,31,247,,32,,,27*4D
$GPRMC,132123.000,A,4803.6274,N,01136.8368,E,$GPGGA,132124.000,4803.6228,N,01136.8356,E,1,4,2.06,509.9,M,47.5,M,,*54
$GPGSA,A,3,24,12,19,15,,,,,,,,,2.27,2.06,0.96*07
$GPGSV,3,1,10,24,80,130,40,12,64,254,32,19,43,063,6.8356,E,1.54,236.51,120123,,,A*65
$GPGGA,132125.000,4803.6180,N,01136.8357,E,1,4,2.06,520.6,M,47.,,06,14,095,*76
$GPGSV,3,3,10,23,01,247,,32,,,38*43
$GPRMC,132$GPGGA,132126.000,4803.6158,N,01136.8369,E,1,4,2.06,524.4,M,47.1,10,24,80,130,39,12,64,254,33,19,43,063,24,37,34,166,*70
$GPG.6158,N,01136.8369,E,2.43,200.19,120123,,,A*63
$GPGGA,132127.000,4803.6141,N,01136.8378,E,1,4,2.06,527.5,M,47.5,M,,*57
$GPGSA,A,3,24,12,19,15,,,,,,,,,63,24,37,34,166,*70
$GPGSV,3,2,10,25,33,253,27,15,17,183,41,17$GPGGA,132128.000,4803.6127,N,01136.8384,E,1,4,2.06,529.7,M,47.,33,253,27,15,17,183,34,17,17,040,24,06,14,095,*7D
$GPGSV,3,3,$GPGGA,132129.000,4803.6123,N,01136.8388,E,1,4,2.06,532.2,M,47.
$GPGSA,A,3,24,12,19,15,,,,,,,,,2.27,2.06,0.96*07
$GPGSV,3,1,$GPGGA,132130.000,4803.6108,N,01136.8397,E,1,4,2.06,536.7,M,47.4,166,*72
$GPGSV,3,2,10,25,33,253,28,15,17,183,36,17,17,040,17$GPGGA,132131.000,4803.6106,N,01136.8407,E,1,4,2.06,537.9,M,47.5,M,,*51
$GPGSA,A,3,24,12,1$GPGGA,132132.000,4803.6102,N,01136.8401,E,1,4,2.06,540.1,M,47.10,23,01,247,,32,,,32*49
$GPRMC,132132.000,A,4803.6102,N,01136$GPGGA,132133.000,4803.6102,N,01136.8394,E,1,4,3.19,541.8,M,47.9
$GPRMC,132133.000,A,4803.6102,N,01136.8394,E,1.88,335.69,1201$GPGGA,132134.000,4803.6102,N,01136.8390,E,1,4,2.06,542.9,M,47.0.96*07
$GPGSV,3,1,10,24,80,130,35,12,64,254,37,19,43,063,31,2.84,320.73,120123,,,A*6E
$GPGGA,132135.000,4803.6100,N,01136.8391,E,1,4,2.06,544.2,M,47.5,M,,*54
$GPGSA,A,3,24,12,19,15,,,,,,,,,2.27,2.06,0.96*07
$GPGSV,3,1,10,24,80,130,36,12,64,254,37,19,43,063,31,25,33,253,38*75
$GPGSV,3,2,10,39,32,162,,17,17,040,20,15,16,183,27,06,14,095,20*70
$GPGSV,3,3,10,23,01,247,,32,,,21*4B
$GPRMC,132135.000,A,4803.6100,N,01136.8391,E,0.74,344.57,120123,,,A*66
$GPGGA,132136.000,4803.6099,N,01136.8389,E,1,4,2.06,546.0,M,47.5,M,,*5F
$GPGSA,A,3,24,12,19,15,,,,,,,,,2.27,2.06,0.96*07
$GPGSV,3,1,10,24,80,130,37,12,64,254,38,19,43,063,29,25,33,253,38*72
$GPGSV,3,2,10,39,32,162,,17,17,040,22,15,16,183,27,06,14,095,22*70
$GPGSV,3,3,10,23,01,247,,32,,,21*4B
$GPRMC,132136.000,A,4803.6099,N,01136.8389,E,0.71,329.43,120123,,,A*66
$GPGGA,132137.000,4803.6099,N,01136.8386,E,1,4,2.06,547.5,M,47.5,M,,*55
$GPGSA,A,3,24,12,19,15,,,,,,,,,2.27,2.06,0.96*07
$GPGSV,3,1,10,24,80,130,38,12,64,254,39,19,43,063,27,25,33,253,37*7D
$GPGSV,3,2,10,39,32,162,,17,17,040,23,15,16,183,25,06,14,095,20*71
$GPGSV,3,3,10,23,01,247,,32,,,22*48
$GPRMC,132137.000,A,4803.6099,N,01136.8386,E,0.71,318.01,120123,,,A*6C
$GPGGA,132138.000,4803.6099,N,01136.8385,E,1,4,2.06,548.7,M,47.5,M,,*54
$GPGSA,A,3,24,12,19,15,,,,,,,,,2.28,2.06,0.96*08
$GPGSV,3,1,10,24,80,130,36,12,64,254,39,19,43,063,27,25,33,253,36*72
$GPGSV,3,10,23,01,247,,32,,,35*4E
$GPRMC,132138.000,A,4803.6099,N,01136.8385,E,0.65,326.23,120123,,,A*68
$GPGGA,132139.000,4803.6098,N,01136.8384,E,1,4,2.06,549.1,M,47.19,15,,,,,,,,,2.27,2.06,0.96*07
$GPGSV,3,1,11,24,80,130,36,12,62,,17,17,040,24,15,16,183,23,06,14,095,26*77
$GPGSV,3,3,11,23,0136.8384,E,0.57,320.05,120123,,,A*6A
$GPGGA,132140.000,4803.6098,N,01136.8384,E,1,4,2.06,549.2,M,47.5,M,,*5F
$GPGSA,A,3,24,12,19,15,,,,,,,,,2.27,2.06,0.96*01,11,24,80,130,36,12,64,254,39,19,43,063,26,25,33,253,35*71
$GPGSV,3,2,11,39,32,162,,17,17,040,25,15,16,183,22,06,14,095,23*72
$GPGSV,3,3,11,23,01,247,,32,,,31,10,,,33*4A
$GPRMC,132140.000,A,4803.6098,N,01136.8384,E,0.49,344.65,120$GPGGA,132141.000,4803.6092,N,01136.8382,E,1,4,2.06,549.7,M,47.2.06,0.96*07
$GPGSV,3,1,11,24,80,130,43,12,64,254,40,19,43,063132141.000,A,4803.6092,N,01136.8382,E,0.61,261.45,120123,,,A*6C$GPGGA,132142.000,4803.6116,N,01136.8382,E,1,4,2.06,550.8,M,47.5,M,,*5E
$GPGSA,A,3,24,12,19,15,,,,,,,,,2.28,2.06,0.96*08
$GPGSV,3,1,11,24,80,130,42,12,254,39,19,43,063,29,25,33,253,36*7E
$GPGSV,3,2,11,33,28,214,,17,17,040,25,15,16,183,37,06,14,095,23*75
$GPGSV,3,3,11,23,01,247,,32,,,24,10,,,28*44
$GPRMC,132142.000,A,4803.6116,N,01136.8382,E,2.04,350.98,120123,,,A*60
$GPGGA,132143.000,4803.6099,N,01136.8386,E,1,4,3.19,550.9,M,47.5,M,,*53
$GPGSA,A,,28,25,33,253,22*7C
$GPGSV,3,2,11,33,28,214,,17,17,040,25,15,16,183,38,06,14,095,24*7D
$GPGSV,3,00,120123,,,A*6B
$GPGGA,132144.000,4803.6092,N,01136.8390,E,1,4,2.06,551.1,M,47.5,M,,*5E
$GPGSA,A,3,24,12,19,15,,,,,,,,,2.27,2.06,0.96*07
$GPGSV,3,1,11,24,79,130,42,12,64,254,39,19,43,063,29,25,33,253,23*7C
$GPGSV,3,2,11,33,28,214,,17,17,040,26,15,16,183,39,06,14,095,24*7F
$GPGSV,3,3,11,23,01,247,,32,,,34,10,,,23*4E
$GPRMC,132144.000,A,4803.6092,N,01136.8390,E,0.35,88.87,120123,,,A*50
$GPGGA,132145.000,4803.6089,N,01136.8389,E,1,4,2.06,551.0,M,47.5,M,,*5C
$GPGSA,A,3,24,12,19,15,,,,,,,,,2.27,2.06,0.96*07
$GPGSV,3,1,11,24,79,130,41,12,64,254,38,19,43,063,29,25,33,253,23*7E
$GPGSV,3,2,11,33,28,214,,17,17,040,26,15,16,183,39,06,14,095,20*7B
$GPGSV,3,3,11,23,01,247,,32,,,32,10,,,25*4E
$GPRMC,132145.000,A,4803.6089,N,01136.8389,E,0.13,117.56,120123,,,A*6C
$GPGGA,132146.000,4803.6083,N,01136.8386,E,1,4,2.06,551.5,M,47.5,M,,*5F
$GPGSA,A,3,24,12,19,15,,,,,,,,,2.27,2.06,0.96*07
$GPGSV,3,1,11,24,79,130,41,12,64,254,31,19,43,063,36,25,33,253,24*7E
$GPGSV,3,2,11,33,28,214,,17,17,040,27,15,16,183,39,06,14,095,21*7B
$GPGSV,3,3,11,23,01,247,,32,,,23,10,,,17*4F
$GPRMC,132146.000,A,4803.6083,N,01136.8386,E,0.84,192.85,120123,,,A*67
$GPGGA,132147.000,4803.6079,N,01136.8385,E,1,4,2.06,552.2,M,47.5,M,,*5C
$GPGSA,A,3,24,12,19,15,,,,,,,,,2.27,2.06,0.96*07
$GPGSV,3,1,11,24,79,130,41,12,64,254,31,19,43,063,37,25,33,253,31*7B
$GPGSV,3,2,11,33,28,214,,17,17,040,26,15,16,183,29,06,14,095,24*7E
$GPGSV,3,3,11,23,01,247,,32,,,20,10,,,17*4C
$GPRMC,132147.000,A,4803.6079,N,01136.8385,E,0.86,191.72,120123,,,A*69
$GPGGA,132148.000,4803.6073,N,01136.8389,E,1,4,2.06,553.0,M,47.5,M,,*56
$GPGSA,A,3,24,12,19,15,,,,,,,,,2.27,2.06,0.96*07
$GPGSV,3,1,11,24,79,130,41,12,64,254,32,19,43,063,36,25,33,253,32*7A
$GPGSV,3,2,11,33,28,214,,17,17,040,27,15,16,183,28,06,14,095,30*7B
$GPGSV,3,3,11,23,01,247,,32,,,31,10,,,18*$GPGGA,132151.000,4803.6062,N,01136.8389,E,1,4,2.06,554.7,M,47.$GPGGA,132153.000,4803.6058,N,01136.8392,E,1,4,2.06,555.3,M,47.5,M,,*5A
$GPGSA7
$GPGSV,3,1,11,24,79,130,42,12,64,254,38,19,43,063,25,25,33,2516,183,19,40,15,119,,06,14,095,*78
$GPGSV,3,3,11,23,01,247,,32,,,24,10,,,20*4C
$GPRMC,132153.000,A,4803.6058,N,01136.8392,E,0.79,152.40,120123,,,A*67
$GPGGA,132154.000,4803.6057,N,01136.8391,E,1,4,2.06,555.4,M,47.$GPGGA,132156.000,4803.6052,N,01136.8392,E,1,4,2.06,555.7,M,47.5,M,,*51
$GPGSA,A,3,24,12,19,15,,,,,,,,,2.27,2.06,0.96*07
$GPGSV,3,3,11,23,01,247,,32,,,23,10,,,17*4F
$GPRMC,132156.000,A,4803.6052,N,01136.8392,E,0.00,165.64,120123,,,A*64
$GPGGA,132157.000,4803.6052,N,01136.8392,E,1,4,2.06,555.7,M,47.5,M,,*50
$GPGSA,A,3,24,12,19,15,,,,,,,,,2.28,2.06,0.96*08
$GPGSV,3,1,11,24,79,130,37,12,64,254,41,19,43,063,22,25,33,253,33*7B
$GPGSV,3,2,11,17,17,040,19,15,16,183,21,40,15,119,,06,14,095,*78
$GPGSV,3,3,11,23,01,247,,32,,,40,10,,,25*4B
$GPRMC,132157.000,A,4803.6052,N,01136.8392,E,0.00,165.64,120123,,,A*65
$GPGGA,132158.000,4803.6052,N,01136.8392,E,1,4,2.06,555.7,M,47.5,M,,*5F
$GP4,79,130,38,12,64,254,41,19,43,063,22,25,33,253,35*72
$GPGSV,3,2,11,17,17,040,21,15,,,40,10,,,24*4A
$GPRMC,132158.000,A,4803.6052,N,01136.8392,E,0.00,165.64,120123,,,A*6A
$GPGGA,132159.000,4803.6052,N,01136.8392,E,1,4,2.06,555.7,M,47.GSV,3,2,11,17,17,040,21,15,16,183,30,40,15,119,,06,14,095,24*75$GPGGA,132200.000,4803.6052,N,01136.8392,E,1,4,2.06,555.7,M,47.5,M,,*51
$GPGSA,A,3,24,12,19,15,,,,,,,,,2.28,2.06,0.96*08
$GPGSV,3,1,10,24,79,130,40,12,64,254,39,19,43,063,21,25,33,253,42*70
$GPGSV,3,2,10,17,17,040,21,15,16,183,37,06,14,095,27,44,14,118,*74
$GPGSV,3,3,10,23,01,247,,32,,,30*4B
$GPRMC,132200.000,A,4803.6052,N,01136.8392,E,0.00,165.64,120123,,,A*64
$GPGGA,132201.000,4803.6052,N,01136.8392,E,1,4,2.06,555.7,M,47.2.28,2.06,0.96*08
$GPGSV,3,1,10,24,79,130,41,12,64,254,31,19,43,063,22,25,33,253,42*7A
$GPGSV,3,2,10,17,,4803.6052,N,01136.8392,E,0.00,165.64,120123,,,A*65
$GPGGA,132202.000,4803.6052,N,01136.8392,E,1,4,2.06,555.7,M,47.5,M,,*53
$GPGSA,A,3,24,12,19,15,,,,,,,,,2.28,2.06,0.96*08
$GPGSV,3,1,11,24,79,130,41,12,64,254,33,19,43,063,24,25,33,253,30*7A
$GPGSV,3,2,11,17,17,040,27,15,16,183,38,06,14,095,29,44,14,118,*72
$GPGSV$GPRMC,132202.000,A,4803.6052,N,01136.8392,E,0.00,165.64,120123,,,A*66
$GPGGA,132203.000,4803.6055,$GPGGA,132205.000,4803.6054,N,01136.8368,E,1,4,2.06,556.6,M,47..06,0.96*08
$GPGSV,3,1,11,24,79,130,43,12,64,254,37,19,43,063,4803.6054,N,01136.8368,E,0.00,191.07,120123,,,A*6C
$GPGGA,132206.000,4803.6055,N,01136.8370,E,1,4,2.06,556.3,M,47.5,M,,*5B
$GPGSA,A,3,24,12,19,15,,,,,,,,,2.27,2.06,0.96*07
$GPGSV,3,1,11,24,79,130,43,12,64,255,36,19,43,063,36,25,33,253,26*78
$GPGSV,3,2,11,17,17,040,27,15,16,183,37,06,14,095,25,44,14,118,*71
$GPGSV,3,3,11,23,01,247,,32,,,28,10,,,17*44
$GPRMC,132206.000,A,4803.6055,N,01136.8370,E,0.00,141.13,120123,,,A*6F
$GPGGA,132207.000,4803.6055,N,01136.8370,E,1,4,2.06,556.3,M,47.5,M,,*5A
$GPGSA,A,3,24,12,19,15,,,,,,,,,2.28,2.06,0.96*08
$GPGSV,3,1,11,24,79,130,43,12,64,255,35,19,43,063,29,25,33,253,26*75
$GPGSV,3,2,11,17,17,040,28,15,16,183,30,06,14,095,28,44,14,118,*74
$GPGSV,3,3,11,23,01,247,,32,,,27,10,,,18*44
$GPRMC,132207.000,A,4803.6055,N,01136.8370,E,0.00,141.13,120123,,,A*6E
$GPGGA,132208.000,4803.6055,N,01136.8370,E,1,4,2.06,556.3,M,47.5,M,,*55
$GPGSA,A,3,24,12,19,15,,,,,,,,,2.27,2.06,0.96*07
$GPGSV,3,1,11,24,79,130,43,12,64,255,35,19,43,063,31,25,33,253,25*7F
$GPGSV,3,2,11,17,17,040,29,15,16,183,30,06,14,095,26,44,14,118,*7B
$GPGSV,3,3,11,23,01,247,,32,,,29,10,,,19*4B
$GPRMC,132208.000,A,4803.6055,N,01136.8370,E,0.00,141.13,120123,,,A*61
$GPGGA,132209.000,4803.6055,N,01136.8370,E,1,4,2.06,556.3,M,47.5,M,,*54
$GPGSA,A,3,24,12,19,15,,,,,,,,,2.27,2.06,0.96*07
$GPGSV,3,1,11,24,79,130,43,12,64,255,36,19,43,063,31,37,34,166,*7A
$GPGSV,3,2,11,25,33,253,28,17,17,040,27,15,16,183,30,06,14,095,25*72
$GPGSV,3,3,11,23,01,247,,32,,,37,10,,,19*44
$GPRMC,132209.000,A,4803.6055,N,01136.8370,E,0.00,141.13,120123,,,A*60
$GPGGA,132210.000,4803.6047,N,01136.8381,E,1,4,2.06,556.0,M,47.5,M,,*52
$GPGSA,A,3,24,12,19,15,,,,,,,,,2.28,2.06,0.96*08
$GPGSV,3,1,11,24,79,130,43,12,64,255,35,19,43,063,33,37,34,166,*7B
$GPGSV,3,2,11,25,33,253,,17,17,040,27,15,16,183,29,06,14,095,26*73
$GPGSV,3,3,11,23,01,247,,32,,,37,10,,,20*4E
$GPRMC,132210.000,A,4803.6047,N,01136.8381,E,1.07,137.42,120123,,,A*66
$GPGGA,132211.000,4803.6045,N,01136.8383,E,1,4,2.06,556.0,M,47.$GPGGA,132213.000,4803.6041,N,01136.8385,E,1,4,2.06,555.9,M,47.5,M,,*59
$GPGSA,A,3,24,12,19,15,,,,,,,,,2.27,2.06,0.96*07
$GPGSV,3,1,11,24,79,130,41,12,64,255,35,19,43,063,41,37,34,16A,4803.6041,N,01136.8385,E,1.01,152.59,120123,,,A*68
$GPGGA,132214.000,4803.6039,N,01136.8386,E,1,4,2.06,556.0,M,47.3,2,11,25,33,253,24,17,17,040,30,15,16,183,22,06,14,095,26*78
$GPGSV,3,3,11,23,01,247,,32,,,29,10,,,25*44
$GPRMC,132214.000,A,4803.6039,N,01136.8386,E,0.87,156.61,120123,,,A*63
$GPGGA,132215.000,4803.6038,N,01136.8387,E,1,4,2.06,556.0,M,47.5,M,,*59
$GPGSA,A,3,24,12,19,15,,,,,,,,,2.28,2.06,0.96*08
$GPGSV,3,1,11,24,79,130,40,12,64,255,35,19,43,063,41,37,34,166,*7D
$GPGSV,3,2,11,25,33,253,33,17,17,040,32,15,16,183,22,06,14,095,26*7C
$GPGSV,3,3,11,23,01,247,,32,,,30,10,,,19*43
$GPRMC,132215.000,A,4803.6038,N,01136.8387,E,0.00,152.17,120123,,,A*68
$GPGGA,132216.000,4803.6039,N,01136.8394,E,1,4,2.06,556.0,M,47.5,M,,*59
$GPGSA,A,3,24,12,19,15,,,,,,,,,2.28,2.06,0.96*08
$GPGSV,3,1,11,24,79,130,40,12,64,255,3,17,040,31,15,16,183,23,06,14,095,24*7F
$GPGSV,3,3,11,23,01,247,,32,,,31,10,,,22*4A
$GPRMC,132216.000,A,4803.6039,N,01136.8394,E,0.00,98.15,120123,,,A*5D
$GPGGA,132217.000,4803.6040,N,01136.8397,E,1,4,2.06,555.9,M,47.A,A,3,24,12,19,15,,,,,,,,,2.27,2.06,0.96*07
$GPGSV,3,1,10,24,79,130,40,12,64,255,36,19,43,063,41,37,34,166,*7F
$GPGSV,3,2,10,25,33,253,31,17,17,040,30,15,16,183,33,06,14,0,A,4803.6040,N,01136.8397,E,1.15,88.60,120123,,,A*57
$GPGGA,132218.000,4803.6040,N,01136.8401,E,1,4,2.06,555.9,M,47.$GPGGA,132220.000,4803.6042,N,01136.8407,E,1,4,2.06,555.8,M,47.5,M,,*56
$GPGSA,A,3,24,12,19,15,,,,,,,,,2.28,2.06,0.96*08
$GPGSV,3,1,10,24,79,131,38,12,64,255,38,19,43,063,32,25,33,253,24*7C
$GPGSV,3,2,10,39,32,162,,17,17,040,20,15,16,183,24,06,14,095,22*71
$GPGSV,3,3,10,32,,,20,10,,,16*7D
$GPRMC,132220.000,A,4803.6042,N,01136.8407,E,0.86,84.52,120123,,,A*59
$GPGGA,132221.000,4803.6043,N,01136.8408,E,1,4,2.06,555.8,M,47.5,M,,*59
$GPGSA,A,3,24,12,19,15,,,,,,,,,2.28,2.06,0.96*08
$GPGSV,3,1,10,24,79,131,39,12,64,255,38,19,43,063,34,25,33,253,31*7F
$GPGSV,3,2,10,39,32,162,,17,17,040,27,15,16,183,23,06,14,095,24*77
$GPGSV,3,3,10,32,,,20,10,,,17*7C
$GPRMC,132221.000,A,4803.6043,N,01136.8408,E,0.00,77.53,120123,,,A*55
$GPGGA,132222.000,4803.6043,N,01136.8410,E,1,4,2.06,555.9,M,47.52
$GPGSA,A,3,24,12,19,15,,,,,,,,,2.27,2.06,0.96*07
$GPGSV,3,1,10,24,79,131,32,12,64,255,38,19,43,063,34,25,33,253,24*70
$GPGSV,3,2,10,39,32,162,,17,17,040,25,15,16,183,22,06,14,095,24*74
$GPGSV,3,3,10,32,,,21,10,,,18*72
$GPRMC,132222.000,A,4803.6043,N,01136.8410,E,0.00,76.42,120123,,,A*5E
$GPGGA,132223.000,4803.6045,N,01136.8411,E,1,4,2.06,555.9,M,47.$GPGGA,132225.000,4803.6045,N,01136.8411,E,1,4,2.06,555.9,M,47.5,M,,*52
$GPGSA,A,3,24,12,19,15,,,,,,,,,2.27,2.06,0.96*07
$GPGSV,3,1,10,24,79,131,39,12,64,255,26,19,43,063,27,25,33,253,37*74
$GPGSV,3,2,10,39,32,162,,17,17,040,23,15,16,183,21,06,14,095,23*76
$GPGSV,3,3,10,32,,,27,10,,,18*74
$GPRMC,132225.000,A,4803.6045,N,01136.8411,E,0.00,61.91,120123,,,A*56
$GPGGA,132226.000,4803.6045,N,01136.8411,E,1,4,2.06,555.9,M,47.$GPGGA,132228.000,4803.6045,N,01136.8411,E,1,4,2.06,555.9,M,47.24*7E
$GPGSV,3,2,10,33,28,214,,17,17,040,22,15,16,183,22,06,14$GPGGA,132229.000,4803.6045,N,01136.8411,E,1,4,2.06,555.9,M,47.5,M,,*5E
$GPGSA,A,3,24,12,19,15,,,,,,,,,2.27,2.06,0.96*07
$GPGSV,3,1,10,24,79,131,37,12,64,255,34,19,43,063,32,25,33,253,25*7E
$GPGSV,3,2,10,33,28,214,,17,17,040,21,15,16,183,22,06,14,095,22*75
$GPGSV,3,3,10,32,,,26,10,,,21*7F
$GPRMC,132229.000,A,4803.6045,N,01136.8411,E,0.00,61.91,120123,,,A*5A
$GPGGA,132230$GPGGA,132232.000,4803.6045,N,01136.8411,E,1,4,2.06,555.9,M,47.5,M,,*54
$GPGSA,A,3,24,12,19,15,,,,,,,,,2.28,2.06,0.96*08
$GPGSV,3,1,09,24,79,131,35,12,64,255,33,19,43,063,29,25,33,253,26*7A
$GPGSV,3,2,09,33,28,214,,17,17,040,29,15,16,183,20,06,14,095,18*7E
$GPGSV,3,3,09,32,,,24*77
$GPRMC,132232.000,A,4803.6045,N,01136.8411,E,0.00,61.91,120123,,,A*50
$GPGGA,132233.000,4803.6045,N,01136.8411,E,1,4,2.06,555.9,M,47.PGSV,3,2,10,33,28,214,,17,17,040,36,15,16,183,21,06,14,095,19*78
$GPGSV,3,3,10,32,,,23,10,,,20*7B
$GPRMC,132233.000,A,4803.6045,N,01136.8411,E,0.00,61.91,120123,,,A*51
$GPGGA,132234.000,4803.6045,N,01136.8411,E,1,4,2.06,555.9,M,47.5,M,,*52
$GPGSA,A,3,24,12,19,15,,,,,,,,,2.28,2.06,0.96*08
$GP3,063,31,25,33,253,35*7D
$GPGSV,3,2,10,33,28,214,,17,17,040,26,15,16,183,20,06,14,095,22*70
$GPGSV,3,3,10,32,,,24,10,,,27*7B
$GPRMC,132234.000,A,4803.6045,N,01136.8411,E,0.00,61.91,120123,,,A*56
$GPGGA,132235.000,4803.6045,N,01136.8411,E,1,4,2.06,555.9,M,47.5,M,,*53
$GPGSA,A,3,24,12,19,15,,,,,,,,,2.27,2.06,0.96*07
$GPGSV,3,1,10,24,79,131,38,12,64,255,41,19,43,063,29,25,33,253,36*7B
$GPGSV,3,2,10,33,28,214,,17,17,040,27,15,16,183,22,06,14,095,23*72
$GPGSV,3,3,10,32,,,25,10,,,25*78
$GPRMC,132235.000,A,4803.6045,N,01136.8411,E,0.00,61.91,120123,,,A*57
$GPGGA,132236.000,4803.6045,N,01136.8411,E,1,4,2.06,555.9,M,47.5,M,,*50
$GPGSA,A,3,24,12,19,15,,,,,,,,,2.27,2.06,0.96*07
$GPGSV,3,1,10,24,79,131,38,12,64,255,42,19,43,063,29,25,33,253,37*79
$GPGSV,3,2,10,33,28,214,,17,17,040,27,15,16,183,22,06,14,095,21*70
$GPGSV,3,3,10,32,,,36,10,,,21*7E
$GPRMC,132236.000,A,4803.6045,N,01136.8411,E,0.00,61.91,120123,,,A*54
$GPGGA,132237.000,4803.6063,N,01136.8395,E,1,4,2.06,556.0,M,47.5,M,,*54
$GPGSA,A,3,24,12,19,15,,,,,,,,,2.28,2.06,0.96*08
$GPGSV,3,1,10,24,79,131,38,12,64,255,41,19,43,063,29,25,33,253,37*7A
$GPGSV,3,2,10,17,17,040,26,15,16,183,23,40,15,119,,06,14,095,20*75
$GPGSV,3,3,10,32,,,28,10,,,24*74
$GPRMC,132237.000,A,4803.6063,N,01136.8395,E,1.06,30$GPGGA,132238.000,4803.6061,N,01136.8390,E,1,4,2.06,556.0,M,47.5,M,,*5C
$GPGSA,A,3,24,12,19,15,,,,,,,,,2.28,2.06,0.96*08
$GPGSV,3,1,10,24,79,131,37,12,64,255,40,19,43,063,30,25,33,253,30*7B
$GPGSV,3,2,10,17,17,040,26,15,16,183,23,40,15,119,,06,14,095,21*74
$GPGSV,3,3,10,32,,,42,10,,,23*7F
$GPRMC,132238.000,A,4803.6061,N,01136.8390,E,0.94,302.65,120123,,$GPGGA,132241.000,4803.6053,N,01136.8384,E,1,4,2.06,555.7,M,47.5,M,,*52
$GPGSA,A,3,24,12,19,15,,,,,,,,,2.28,2.06,0.96*08
$GPGSV,3,1,10,24,79,131,38,12,65,255,40,19,43,063,23,25,33,253,38*7F
$GPGSV,3,2,10,17,17,040,27,15,16,183,29,40,15,119,,06,14,095,25*7B
$GPGSV,3,3,10,32,,,40,10,,,24*7A
$GPRMC,132241.000,A,4803.6053,N,01136.8384,E,0.00,288.06,120123,,,A*63
$GPGGA,132242.000,4803.6053,N,01136.8381,E,1,4,2.06,555.7,M,47.5,M,,*54
$GPGSA,A,3,24,12,19,15,,,,,,,,,2.28,2.06,0.96*08
$GPGSV,3,1,10,24,79,131,38,12,65,255,40,19,43,063,23,25,33,253,38*7F
$GPGSV,3,2,10,17,17,040,26,15,16,183,28,40,15,119,,06,14,095,25*7B
$GPGSV,3,3,10,32,,,31,10,,,23*7B
$GPRMC,132242.000,A,4803.6053,N,01136.8381,E,0.00,286.41,120123,,,A*68
$GPGGA,132243.000,4803.6053,N,01136.8381,E,1,4,2.06,555.7,M,47.5,M,,*55
$GPGSA,A,3,24,12,19,15,,,,,,,,,2.28,2.06,0.96*08
$GPGSV,3,1,10,24,79,131,38,12,65,255,40,19,43,063,23,25,33,253,39*7E
$GPGSV,3,2,10,17,17,040,35,15,16,183,26,40,15,119,,06,14,095,25*77
$GPGSV,3,3,10,32,,,30,10,,,23*7A
$GPRMC,132243.000,A,4803.6053,N,01136.8381,E,0.00,286.41,120123,,,A*69
$GPGGA,132244.000,4803.6053,N,01136.8381,E,1,4,2.06,555.7,M,47.$GPGGA,132246.000,4803.6053,N,01136.8381,E,1,4,2.06,555.7,M,47.5,M,,*50
$GPGSA,A,3,24,12,19,15,,,,,,,,,2.28,2.06,0.96*08
$GPGSV,3,1,10,24,79,131,41,12,65,255,41,19,43,063,24,25,33,253,40*78
$GPGSV,3,2,10,17,17,040,29,15,16,183,32,40,15,119,,06,14,095,24*7E
$GPGSV,3,3,10,32,,,20,10,,,22*7A
$GPRMC,132246.000,A,4803.6053,N,01136.8381,E,0.00,286.41,120123,,,A*6C
$GPGGA,132247.000,4803.6053,N,01136.8381,E,1,4,2.06,555.7,M,47.5,M,,*51
$GPGS79,131,39,12,65,255,39,19,43,063,25,25,33,253,33*7D
$GPGSV,3,2,10,17,17,040,31,$GPGGA,132250.000,4803.6053,N,01136.8381,E,1,4,2.06,555.7,M,47.5,M,,*57
$GPGSA,A,3,24,12,19,15,,,,,,,,,2.28,2.06,0.96*08
$GPGSV,3,1,10,24,79,131,31,12,65,255,38,19,43,063,24,25,33,253,26*71
$GPGSV,3,2,10,17,17,040,30,15,16,183,20,06,14,095,21,44,14,118,*74
$GPGSV,3,3,10,32,,,39,10,,,20*70
$GPRMC,132250.000,A,4803.6053,N,01136.8381,E,0.00,286.41,120123,,,A*$GPGGA,132251.000,4803.6053,N,01136.8381,E,1,4,2.06,555.7,M,47.5,M,,*56
$GPGSA,A,3,24,12,19,15,,,,,,,,,2.28,2.06,0.96*08
$GPGSV,3,1,10,24,79,131,38,12,65,255,37,19,43,063,24,25,33,253,36*76
$GPGSV,3,2,10,17,17,10,,,21*7F
$GPRMC,132251.000,A,4803.6053,N,01136.8381,E,0.00,286.41,120123,,,A*6A
$GPGGA,132252.000,4803.6053,N,01136.8381,E,1,4,3.15,555.7,M,47.5,M,,*56
$GPGSA,A,3,24,12,19,15,,,,,,,,,4.68,3.15,3.46*07
$GPGSV,3,1,10,24,79,131,37,12,65,255,37,19,43,063,25,25,33,253,37*79
$GPGSV,3,2,10,17,17,040,28,15,195,28,44,14,118,*76
$GPGSV,3,3,10,32,,,39,10,,,21*71
$GPRMC,132252.000,A,4803.6053,N,01136.8381,E,0.00,286.41,120123,,,A*69
$GPGGA,132253.000,4803.6053,N,01136.8381,E,1,4,2.06,555.7,M,47.5,M,,*54
$GPGSA,A,3,24,12,19,15,,,,,,,,,2.28,2.06,0.96*08
$GPGSV,3,1,10,24,79,131,38,12,65,255,37,19,43,063,24,25,33,253,37*77
$GPGSV,3,2,10,17,17,040,27,15,16,183,30,06,14,095,28,44,14,118,*7A
$GPGSV,3,3,10,32,,,37,10,,,20*7E
$GPRMC,132253.000,A,4803.6053,N,01136.8381,E,0.00,286.41,120123,,,A*68
$GPGGA,132254.000,4803.6053,N,01136.8381,E,1,4,2.06,555.7,M,47.5,M,,*53
$GPGSA,A,3,24,12,19,15,,,,,,,,,2.28,2.06,0.96*08
$GPGSV,3,1,10,24,79,131,39,12,65,255,37,19,43,063,23,25,33,254,38*79
$GPGSV,3,2,10,17,17,040,26,15,16,183,29,06,14,095,27,44,14,118,*7C
$GPGSV,3,3,10,32,,,37,10,,,19*74
$GPRMC,132254.000,A,4803.6053,N,01136.8381,E,0.00,286.41,120123,,,A*6F
$GPGGA,132255.000,4803.6053,N,01136.8381,E,1,4,2.06,555.7,M,47.00,313.29,120123,,,A*62
$GPGGA,132258.000,4803.6056,N,01136.8361,E,1,4,2.06,556.3,M,47.*0A
$GPGSV,3,1,10,24,79,131,38,12,65,255,33,19,43,063,32,25,33,254,26*73
$GPGSV,3,2,10,17,17,040,30,15,16,183,29,06,14,095,34,34,,,*43
$GPGSV,3,3,10,32,,,24,10,,,17*78
$GPRMC,132300.000,A,4803.6055,N,01136.8359,E,0.00,0.42,120123,,,A*63
$GPGGA,132301.000,4803.6055,N,01136.8359,E,1,4,3.14,556.3,M,47.GSV,3,2,10,17,17,040,21,15,16,183,21,06,14,095,22,34,,,*4C
$GP$GPGGA,132302.000,4803.6055,N,01136.8359,E,1,4,2.06,556.3,M,47.5
$GPGSA,A,3,24,12,19,15,,,,,,,,,2.28,2.06,0.96*08
$GPGSV,3,106,14,095,22,35,,,*49
$GPGSV,3,3,10,32,,,24,10,,,17*78
$GPRMC
$GPGGA,132303.000,4803.6055,N,01136.8359,E,1,4,2.06,556.3,M,47.5,M,,*54
$GPGSA,A2,65,255,34,19,43,063,38,25,33,254,26*71
$GPGSV,3,2,10,17,17,040,39,15,16,183,34,
$GPGSV,3,3,10,32,,,32,10,,,17*7F
$GPRMC,132303.000,A,4803.605$GPGGA,132304.000,4803.6053,N,01136.8367,E,1,4,2.06,556.4,M,47.,17,040,22,15,16,183,33,06,14,095,,35,,,*4D
$GPGSV,3,3,10,32,,,$GPGGA,132305.000,4803.6055,N,01136.8370,E,1,4,2.06,556.4,M,47.2,,,35,10,,,18*77
$GPRMC,132305.000,A,4803.6055,N,01136.8370,E$GPGGA,132306.000,4803.6053,N,01136.8373,E,1,4,2.06,556.4,M,47.$GPGSV,3,1,10,24,79,131,38,12,65,255,40,19,43,063,20,25,33,254,31*72
$GPGSV,3,2,10,17,17,040,20,15,16,183,33,06,14,095,,35,,,*4F
$GPGSV,3,3,10,32,,,36,10,,,18*74
$GPRMC,132306.000,A,4803.6053,N,01136.8373,E,0.00,70.75,120123,,,A*58
$GPGGA,132307.000,4803.6053,N,01136.8372,E,1,4,2.06,556.3,M,47.5,M,,*5F
$GPGSA,A,3,24,12,19,15,,,,,,,,,2.28,2.06,0.96*08
$GPGSV,3,1,10,24,79,131,38,12,65,255,38,19,43,063,21,25,33,254,31*7C
$GPGSV,3,2,10,17,17,040,20,15,16,183,32,06,14,095,,35,,,*4E
$GPGSV,3,3,10,32,,,35,10,,,18*77
$GPRMC,132307.000,A,4803.6053,N,01136.8372,E,0.00,51.10,120123,,,A*58
$GPGGA,132308.000,4803.6052,N,01136.8370,E,1,4,2.06,556.3,M,47.$GPGGA,132310.000,4803.6052,N,01136.8370,E,1,4,2.06,556.3,M,47.5,M,,*5A
$GPGSA,A,3,24,12,19,15,,,,,,,,,2.28,2.06,0.96*08
$GPGSV,3,1,10,24,79,131,38,12,65,255,30,19,43,063,29,25,33,2$GPRMC,132310.000,A,4803.6052,N,01136.8370,E,0.00,36.77,120123,,,A*5D
$GPGGA,132311.000,4803.6052,N,01136.8370,E,1,4,2.06,556.3,M,47.5,M,,*5B
$GPGSA,A,3,24,12,19,15,77,120123,,,A*5C
$GPGGA,132312.000,4803.6052,N,01136.8370,E,1,4,2.06,556.3,M,47.GPGSA,A,3,24,12,19,15,,,,,,,,,2.28,2.06,0.96*08
$GPGSV,3,1,10,24,79,131,38,12,65,255,32,19,43,063,*4C
$GPGSV,3,3,10,32,,,27,10,,,17*7B
$GPRMC,132312.000,A,4803$GPGGA,132313.000,4803.6055,N,01136.8373,E,1,4,2.06,556.4,M,47.5,M,,*5A
$GPGSA,A,3,24,12,19,15,,,,,,,,,2.28,2.06,0.96*08
$GPGSV,3,1,10,24,79,131,38,12,65,255,33,19,43,063,41,25,33,254,2$GPGSV,3,2,10,17,17,040,23,15,16,183,39,06,14,094,,36,,,*44
$GPGSV,3,3,10,32,,,29,10,,,24*75
$GPRMC,132313.000,A,4808373,E,1.16,39.84,120123,,,A*5F
$GPGGA,132314.000,4803.6058,N,01136.8371,E,1,4,2.06,556.4,M,47.5,M,,*52
$GPGSA,A,3,24,12,19,15,,,,,,,,,2.28,2.06,0.96*08
$GPGSV,3,1,10,24,79,131,36,12,65,255,35,19,43,063,30,25,33,254,35*7B
$GPGSV,3,2,10,17,17,040,2.8371,E,1.06,28.98,120123,,,A*5B
$GPGGA,132315.000,4803.6062,N,01136.8369,E,1,4,2.06,556.4,M,47.5,M,,*53
$GPGSA,A,3,24,12,19,15,,,,,,,,,2.28,2.06,0.96*08
$GPGSV,3,1,10,24,79,131,28,12,65,255,37,19,43,063,29,25,33,254,94,,38,,,*43
$GPGSV,3,3,10,32,,,40,10,,,21*7F
$GPRMC,132315.000,A,4803.6062,N,01136.8369,E,0.98,10.93,120123,,,A*5C
$GPGGA,132316.000,4803.6064,N,01136.8372,E,1,4,3.13,556.5,M,47.5,M,,*58
$GPGSA,A,3,24,12,19,15,,,,,,,,,4.64,3.13,3.42*316.000,A,4803.6064,N,01136.8372,E,0.95,20.62,120123,,,A*53
$GPGGA,132317.000,4803.6066,N,01136.8372,E,1,4,2.06,556.5,M,47.5,M,,*5E
$GPGSA,A,3,24,12,19,15,,,,,,,,,2.28,2.06,0.96*08
$GPGSV,3,1,10,24,79,131,32,12,65,255,39,19,43,063,26,25,33,254,36*77
$GPGSV,3,2,10,17,17,04GPRMC,132317.000,A,4803.6066,N,01136.8372,E,0.91,13.14,120123,,,A*55
$GPGGA,132318.000,4803.6068,N,01136.8367,E,1,4,3.13,556.5,M,47.5,M,,*5E
$GPGSA,A,3,131,40,12,65,255,40,19,43,063,27,25,33,254,37*7C
$GPGSV,3,2,10,17,17,040,22,15,16,183,26,06,14,094,,38,,,*45
$GPGSV,3,3,10,32,,,42,10,,,22*7E
$GPRMC,132318.0,,A*63
$GPGGA,132319.000,4803.6069,N,01136.8375,E,1,5,1.55,557.2,M,47.5,M,,*5A
$GPGSA,A,3,24,12,19,15,25,,,,,,,,1.81,,*44
$GPGSV,3,3,10,32,,,42,10,,,30*7D
$GPRMC,132319.000,A,48$GPGGA,132320.000,4803.6072,N,01136.8373,E,1,5,1.83,557.3,M,47.3.01,1.83,2.39*0C
$GPGSV,3,1,10,24,79,131,39,12,65,255,41,19,4,25,33,254,37*77
$GPGSV,3,2,10,17,17,040,23,15,16,183,27,06,14,094,,38,,,*45
$GPGSV,3,3,10,32,,,40,10,,,31*7E
$GPRMC,132320.000,A,4803.6072,N,01136.8373,E,1.29,34.64,120123,,,A*6C
$GPGGA,132321.000,4803.6075,N,01136.8371,E,1,5,1.83,557.5,M,47.5,M,,*54
$GPGSA,A,3,24,12,19,15,25,,,,,,,,3.01,1.83,2.39*0C
$GPGSV,3,1,10,24,79,131,39,12,65,255,40,19,43,063,24,25,33,254,36*70
$GPGSV,3,2,10,17,17,040,23,15,16,183,27,06,14,094,,38,,,*45
$GPGSV,3,3,10,32,,,33,10,,,31*7A
$GPRMC,132321.000,A,4803.6075,N,01136.8371,E,1.30,326.82,120123,,,A*61
$GPGGA,132322.000,4803.6077,N,01136.8370,E,1,5,1.55,557.7,M,47.5,M,,*5D
$GPGSA,A,3,24,12,19,15,25,,,,,,,,1.81,1.55,0.92*0E
$GPGSV,3,1,10,24,79,131,39,12,65,255,40,19,43,063,24,25,33,254,35*73
$GPGSV,3,2,10,17,17,040,25,15,16,183,25,06,14,094,,41,,,*4F
$GPGSV,3,3,10,32,,,34,10,,,30*7C
$GPRMC,132322.000,A,4803.6077,N,01136.8370,E,1.35,314.27,120123,,,A*6A
$GPGGA,132323.000,4803.6079,N,01136.8366,E,1,5,1.55,558.0,M,47.5,M,,*5D
$GPGSA,A,3,24,12,19,15,25,,,,,,,,1.81,1.55,0.92*0E
$GPGSV,3,1,10,24,79,131,39,12,65,255,40,19,42,062,25,25,33,254,35*72
$GPGSV,3,2,10,17,17,040,25,15,16,183,24,06,14,094,,41,,,*4E
$GPGSV,3,3,10,32,,,35,130*7D
$GPRMC,132323.000,A,4803.6079,N,01136.8366,E,1.45,308.62,120123,,,A*69
$GPGGA,132324.000,4803.6079,N,01136.8366,E,1,5,1.55,558.3,M,47.5,M,,*59
$GPGSA,A,3,24,12,19,15,25,,,,,,,,1.81,1.55,0.92*0E
$GPGSV,3,1,10,24,79,5,39,19,42,062,25,25,33,254,37*7E
$GPGSV,3,2,10,17,17,040,33,15,16,183,25,06,14,094,,41,,,*48
$GPGSV,3,3,10,32,,,33,10,,,29*73
$GPRMC,132324.000,A,4803.6079,N,01136.8366,E,1.30,313.70,120123,,,A*65
$GPGGA,132325.000,4803.6071,N,01136.8368,E,1,6,1.17,558.6,M,47.5,M,,*5E
$GPGSA,A,3,24,12,19,15,25,32,,,,,,,1.46,1.17,0.87*06
$GPGSV,3,1,10,24,79,131,39,12,65,255,39,19,42,062,25,25,33,254,38*71
$GPGSV,3,2,10,32,25,313,24,17,17,040,31,15,16,183,33,06,14,094,*79
$GPGSV,3,3,10,41,,,,10,,,27*79
$GPRMC,132325.000,A,4803.6071,N,01136.8368,E,0.97,281.81,120123,,,A*6A
$GPGGA,132326.000,4803.6067,N,01136.8367,E,1,6,1.17,559.1,M,47.5,M,,*53
$GPGSA,A,3,24,12,19,15,25,32,,,,,,,1.46,1.17,0.87*06
$GPGSV,3,1,10,24,79,131,39,12,65,255,40,19,42,062,25,25,33,254,39*7E
$GPGSV,3,2,10,32,25,313,25,17,17,040,30,15,16,183,33,06,14,094,*79
$GPGSV,3,3,10,41,,,,10,,,28*76
$GPRMC,132326.000,A,4803.6067,N,01136.8367,E,1.16,275.03,120123,,,A*68
$GPGGA,132327.000,4803.6062,N,01136.8365,E,1,6,1.17,559.4,M,47.5,M,,*50
$GPGSA,A,3,24,12,19,15,25,32,,,,,,,1.46,1.17,0.87*06
$GPGSV,3,1,10,24,79,131,40,12,65,255,40,19,42,062,25,25,33,254,39*70
$GPGSV,3,2,10,32,25,313,26,17,17,040,29,15,16,183,34,06,14,094,*75
$GPGSV,3,3,10,41,,,,10,,,29*77
$GPRMC,132327.000,A,4803.6062,N,01136.8365,E,1.02,269.01,120123,,,A*64
$GPGGA,132328.000,4803.6060,N,01136.8362,E,1,6,1.17,559.7,M,47.5,M,,*59
$GPGSA,A,3,24,12,19,15,25,32,,,,,,,1.46,1.17,0.87*06
$GPGSV,3,1,10,24,79,131,40,12,65,255,40,19,42,062,26,25,33,254,39*73
$GPGSV,3,2,10,32,25,313,27,17,17,040,29,15,16,183,27,06,14,094,*76
$GPGSV,3,3,10,43,,,,10,,,21*7D
$GPRMC,132328.000,A,4803.6060,N,01136.8362,E,0.95,269.00,120123,,,A*60
$GPGGA,132329.000,4803.6059,N,01136.8358,E,1,6,1.17,559.9,M,47.5,M,,*55
$GPGSA,A,3,24,12,19,15,25,32,,,,,,,1.46,1.17,0.87*06
$GPGSV,3,1,10,24,79,131,40,12,65,255,40,19,42,062,26,25,33,254,40*7D
$GPGSV,3,2,10,32,25,313,26,17,17,040,29,15,16,183,27,06,14,094,*77
$GPGSV,3,3,10,43,,,,10,,,21*7D
$GPRMC,132329.000,A,4803.6059,N,01136.8358,E,0.99,272.08,120123,,,A*6C
$GPGGA,132330.000,4803.6057,N,01136.8354,E,1,6,1.17,560.1,M,47.5,M,,*5D
$GPGSA,A,3,24,12,19,15,25,32,,,,,,,1.46,1.17,0.87*06
$GPGSV,3,1,10,24,79,131,29,12,65,255,39,19,42,062,26,25,34,254,39*75
$GPGS3,3,10,43,,,,10,,,21*7D
$GPRMC,132330.000,A,4803.6057,N,01136.$GPGGA,132333.000,4803.6048,N,01136.8351,E,1,6,1.17,561.0,M,47.5,M,,*55
$GPGSA,A,3,24,12,19,15,25,32,,,,,,,1.46,1.17$GPGGA,132334.000,4803.6046,N,01136.8351,E,1,6,1.17,561.2,M,47.$GPGGA,132335.000,4803.6046,N,01136.8351,E,1,6,1.17,561.2,M,47.1136.8351,E,0.00,221.11,120123,,,A*68
$GPGGA,132336.000,4803.6046,N,01136.8351,E,1,6,1.17,561.2,M,47.,1.46,1.17,0.87*06
$GPGSV,3,1,10,24,79,131,37,12,65,255,31,19,4$GPGGA,132337.000,4803.6046,N,01136.8351,E,1,6,1.20,561.2,M,47.5,255,31,19,42,062,35,25,34,254,31*79
$GPGSV,3,2,10,32,25,313,3$GPGGA,132338.000,4803.6046,N,01136.8351,E,1,6,1.20,561.2,M,47.,19,15,25,32,,,,,,,2.11,1.20,1.74*0E
$GPGSV,3,1,10,24,79,131,37$GPGGA,132339.000,4803.6046,N,01136.8351,E,1,6,1.17,561.2,M,47.,19,15,25,32,,,,,,,1.46,1.17,0.87*06
$GPGSV,3,1,10,24,79,131,3*7F
$GPRMC,132339.000,A,4803.6046,N,01136.8351,E,0.00,221.11,12$GPGGA,132340.000,4803.6046,N,01136.8351,E,1,6,1.17,561.2,M,47.5,M,,*5D
$GPGSA,A,3,24,12,19,15,25,32,,,,,,,1.46,1.17,0.87*06$GPGGA,132341.000,4803.6046,N,01136.8351,E,1,6,1.17,561.2,M,47.,,10,,,27*7E
$GPRMC,132341.000,A,4803.6046,N,01136.8351,E,0.00$GPGGA,132342.000,4803.6046,N,01136.8351,E,1,6,1.20,561.2,M,47.$GPGSV,3,2,10,32,25,313,30,17,17,040,26,15,16,183,25,06,14,094,$GPGGA,132343.000,4803.6046,N,01136.8351,E,1,6,1.17,561.2,M,47..17,0.87*06
$GPGSV,3,1,10,24,79,131,27,12,65,255,38,19,42,062,3,25,06,14,094,*74
$GPGSV,3,3,10,46,,,,10,,,29*70
$GPRMC,1323$GPGGA,132344.000,4803.6046,N,01136.8351,E,1,6,1.17,561.2,M,47.2,65,255,39,19,42,062,34,25,34,254,34*76
$GPGSV,3,2,10,32,25,3$GPGGA,132345.000,4803.6046,N,01136.8351,E,1,6,1.17,561.2,M,47.,32*7C
$GPGSV,3,2,10,32,25,313,30,17,17,040,25,15,16,183,27,063.6046,N,01136.8351,E,0.00,221.11,120123,,,A*6F
$GPGGA,132346.000,4803.6046,N,01136.8351,E,1,6,1.17,561.2,M,47.15,25,32,,,,,,,1.46,1.17,0.87*06
$GPGSV,3,1,10,24,79,131,37,12